<?xml version="1.0" encoding="UTF-8"?>
<!-- Generated by org.testng.reporters.JUnitReportReporter -->
<testsuite skipped="0" hostname="ABT-AA-147" name="com.aa.UnitTest" tests="1" failures="0" timestamp="04 Sep 2018 19:56:31 GMT" time="30.808" errors="0">
  <testcase name="goToHomePage" time="30.808" classname="com.aa.UnitTest"/>
</testsuite> <!-- com.aa.UnitTest -->
